{
  "stats": {
    "suites": 1,
    "tests": 4,
    "passes": 4,
    "pending": 0,
    "failures": 0,
    "start": "2022-10-30T18:39:18.343Z",
    "end": "2022-10-30T18:39:23.203Z",
    "duration": 4860,
    "testsRegistered": 4,
    "passPercent": 100,
    "pendingPercent": 0,
    "other": 0,
    "hasOther": false,
    "skipped": 0,
    "hasSkipped": false
  },
  "results": [
    {
      "uuid": "4974335a-aed3-4a0b-b9b8-e5c846f8b316",
      "title": "",
      "fullFile": "cypress/integration/pom/homeSauceFixtureXpath.spec.js",
      "file": "cypress/integration/pom/homeSauceFixtureXpath.spec.js",
      "beforeHooks": [],
      "afterHooks": [],
      "tests": [],
      "suites": [
        {
          "uuid": "5b45181c-bf55-4ec3-8a1b-57a0b967a526",
          "title": "Home Sauce Demo",
          "fullFile": "",
          "file": "",
          "beforeHooks": [],
          "afterHooks": [],
          "tests": [
            {
              "title": "should login to inventory page",
              "fullTitle": "Home Sauce Demo should login to inventory page",
              "timedOut": null,
              "duration": 849,
              "state": "passed",
              "speed": "fast",
              "pass": true,
              "fail": false,
              "pending": false,
              "context": null,
              "code": "homeSaucePage.typeUsername(test.username);\nhomeSaucePage.typePassword(test.password);\nhomeSaucePage.clickLogin();\nif (test.name === 'should login to inventory page') {\n  _inventoryPage.default.elements.titleSpan().should('have.text', test.expected);\n} else {\n  homeSaucePage.elements.errorMessage().should('have.text', test.expected);\n}",
              "err": {},
              "uuid": "4f95dd8e-b5ed-40a5-ac50-b47ce0f7725d",
              "parentUUID": "5b45181c-bf55-4ec3-8a1b-57a0b967a526",
              "isHook": false,
              "skipped": false
            },
            {
              "title": "should display incorrect username message",
              "fullTitle": "Home Sauce Demo should display incorrect username message",
              "timedOut": null,
              "duration": 758,
              "state": "passed",
              "speed": "fast",
              "pass": true,
              "fail": false,
              "pending": false,
              "context": null,
              "code": "homeSaucePage.typeUsername(test.username);\nhomeSaucePage.typePassword(test.password);\nhomeSaucePage.clickLogin();\nif (test.name === 'should login to inventory page') {\n  _inventoryPage.default.elements.titleSpan().should('have.text', test.expected);\n} else {\n  homeSaucePage.elements.errorMessage().should('have.text', test.expected);\n}",
              "err": {},
              "uuid": "f1687db2-35ac-40fc-967e-2256fc65ca8c",
              "parentUUID": "5b45181c-bf55-4ec3-8a1b-57a0b967a526",
              "isHook": false,
              "skipped": false
            },
            {
              "title": "should display incorrect password message",
              "fullTitle": "Home Sauce Demo should display incorrect password message",
              "timedOut": null,
              "duration": 838,
              "state": "passed",
              "speed": "fast",
              "pass": true,
              "fail": false,
              "pending": false,
              "context": null,
              "code": "homeSaucePage.typeUsername(test.username);\nhomeSaucePage.typePassword(test.password);\nhomeSaucePage.clickLogin();\nif (test.name === 'should login to inventory page') {\n  _inventoryPage.default.elements.titleSpan().should('have.text', test.expected);\n} else {\n  homeSaucePage.elements.errorMessage().should('have.text', test.expected);\n}",
              "err": {},
              "uuid": "ff2738fb-221b-4a02-b746-31d3c2761c5f",
              "parentUUID": "5b45181c-bf55-4ec3-8a1b-57a0b967a526",
              "isHook": false,
              "skipped": false
            },
            {
              "title": "should display locked out message",
              "fullTitle": "Home Sauce Demo should display locked out message",
              "timedOut": null,
              "duration": 764,
              "state": "passed",
              "speed": "fast",
              "pass": true,
              "fail": false,
              "pending": false,
              "context": null,
              "code": "homeSaucePage.typeUsername(test.username);\nhomeSaucePage.typePassword(test.password);\nhomeSaucePage.clickLogin();\nif (test.name === 'should login to inventory page') {\n  _inventoryPage.default.elements.titleSpan().should('have.text', test.expected);\n} else {\n  homeSaucePage.elements.errorMessage().should('have.text', test.expected);\n}",
              "err": {},
              "uuid": "f42f5ce1-9b04-4145-9687-cc536d19b302",
              "parentUUID": "5b45181c-bf55-4ec3-8a1b-57a0b967a526",
              "isHook": false,
              "skipped": false
            }
          ],
          "suites": [],
          "passes": [
            "4f95dd8e-b5ed-40a5-ac50-b47ce0f7725d",
            "f1687db2-35ac-40fc-967e-2256fc65ca8c",
            "ff2738fb-221b-4a02-b746-31d3c2761c5f",
            "f42f5ce1-9b04-4145-9687-cc536d19b302"
          ],
          "failures": [],
          "pending": [],
          "skipped": [],
          "duration": 3209,
          "root": false,
          "rootEmpty": false,
          "_timeout": 2000
        }
      ],
      "passes": [],
      "failures": [],
      "pending": [],
      "skipped": [],
      "duration": 0,
      "root": true,
      "rootEmpty": true,
      "_timeout": 2000
    }
  ],
  "meta": {
    "mocha": {
      "version": "7.0.1"
    },
    "mochawesome": {
      "options": {
        "quiet": false,
        "reportFilename": "mochawesome",
        "saveHtml": false,
        "saveJson": true,
        "consoleReporter": "spec",
        "useInlineDiffs": false,
        "code": true
      },
      "version": "7.1.3"
    },
    "marge": {
      "options": {
        "reportDir": "cypress\\report\\.jsons",
        "charts": true,
        "reportPageTitle": "Joan Media Demo Report",
        "embeddedScreenshots": true,
        "overwrite": false,
        "html": false,
        "json": true
      },
      "version": "6.2.0"
    }
  }
}