{
  "stats": {
    "suites": 1,
    "tests": 4,
    "passes": 4,
    "pending": 0,
    "failures": 0,
    "start": "2022-10-30T18:42:53.780Z",
    "end": "2022-10-30T18:42:59.611Z",
    "duration": 5831,
    "testsRegistered": 4,
    "passPercent": 100,
    "pendingPercent": 0,
    "other": 0,
    "hasOther": false,
    "skipped": 0,
    "hasSkipped": false
  },
  "results": [
    {
      "uuid": "0c971964-a302-4426-a943-cfac27c17ed0",
      "title": "",
      "fullFile": "cypress/integration/pom/homeSauce.spec.js",
      "file": "cypress/integration/pom/homeSauce.spec.js",
      "beforeHooks": [],
      "afterHooks": [],
      "tests": [],
      "suites": [
        {
          "uuid": "9f98eca1-6b40-4a45-9a22-8e4bd915f7bd",
          "title": "POM Implementation",
          "fullFile": "",
          "file": "",
          "beforeHooks": [],
          "afterHooks": [],
          "tests": [
            {
              "title": "should login to inventory page",
              "fullTitle": "POM Implementation should login to inventory page",
              "timedOut": null,
              "duration": 1340,
              "state": "passed",
              "speed": "fast",
              "pass": true,
              "fail": false,
              "pending": false,
              "context": null,
              "code": "_homeSaucePage.default.typeUsername('standard_user');\n_homeSaucePage.default.typePassword('secret_sauce');\n_homeSaucePage.default.clickLogin();\n_inventoryPage.default.elements.titleSpan().should('have.text', 'Products');",
              "err": {},
              "uuid": "1adf227a-e4ee-47ff-bfb3-377c864132db",
              "parentUUID": "9f98eca1-6b40-4a45-9a22-8e4bd915f7bd",
              "isHook": false,
              "skipped": false
            },
            {
              "title": "should display locked out message",
              "fullTitle": "POM Implementation should display locked out message",
              "timedOut": null,
              "duration": 990,
              "state": "passed",
              "speed": "fast",
              "pass": true,
              "fail": false,
              "pending": false,
              "context": null,
              "code": "_homeSaucePage.default.typeUsername('locked_out_user');\n_homeSaucePage.default.typePassword('secret_sauce');\n_homeSaucePage.default.clickLogin();\n_homeSaucePage.default.elements.errorMessage().should('have.text', 'Epic sadface: Sorry, this user has been locked out.');",
              "err": {},
              "uuid": "4a5ddec5-0130-4534-b113-d9c9992cd0e6",
              "parentUUID": "9f98eca1-6b40-4a45-9a22-8e4bd915f7bd",
              "isHook": false,
              "skipped": false
            },
            {
              "title": "should display incorrect username message",
              "fullTitle": "POM Implementation should display incorrect username message",
              "timedOut": null,
              "duration": 809,
              "state": "passed",
              "speed": "fast",
              "pass": true,
              "fail": false,
              "pending": false,
              "context": null,
              "code": "_homeSaucePage.default.typeUsername('dummyUsername');\n_homeSaucePage.default.typePassword('secret_sauce');\n_homeSaucePage.default.clickLogin();\n_homeSaucePage.default.elements.errorMessage().should('have.text', 'Epic sadface: Username and password do not match any user in this service');",
              "err": {},
              "uuid": "6a4ac751-d2f6-4d9e-b6a1-06e7d24d35c5",
              "parentUUID": "9f98eca1-6b40-4a45-9a22-8e4bd915f7bd",
              "isHook": false,
              "skipped": false
            },
            {
              "title": "should display incorrect password message",
              "fullTitle": "POM Implementation should display incorrect password message",
              "timedOut": null,
              "duration": 826,
              "state": "passed",
              "speed": "fast",
              "pass": true,
              "fail": false,
              "pending": false,
              "context": null,
              "code": "_homeSaucePage.default.typeUsername('locked_out_user');\n_homeSaucePage.default.typePassword('dummyPassword');\n_homeSaucePage.default.clickLogin();\n_homeSaucePage.default.elements.errorMessage().should('have.text', 'Epic sadface: Username and password do not match any user in this service');",
              "err": {},
              "uuid": "6456d011-dc81-4e4a-af8f-bb67c0e96812",
              "parentUUID": "9f98eca1-6b40-4a45-9a22-8e4bd915f7bd",
              "isHook": false,
              "skipped": false
            }
          ],
          "suites": [],
          "passes": [
            "1adf227a-e4ee-47ff-bfb3-377c864132db",
            "4a5ddec5-0130-4534-b113-d9c9992cd0e6",
            "6a4ac751-d2f6-4d9e-b6a1-06e7d24d35c5",
            "6456d011-dc81-4e4a-af8f-bb67c0e96812"
          ],
          "failures": [],
          "pending": [],
          "skipped": [],
          "duration": 3965,
          "root": false,
          "rootEmpty": false,
          "_timeout": 2000
        }
      ],
      "passes": [],
      "failures": [],
      "pending": [],
      "skipped": [],
      "duration": 0,
      "root": true,
      "rootEmpty": true,
      "_timeout": 2000
    }
  ],
  "meta": {
    "mocha": {
      "version": "7.0.1"
    },
    "mochawesome": {
      "options": {
        "quiet": false,
        "reportFilename": "mochawesome",
        "saveHtml": false,
        "saveJson": true,
        "consoleReporter": "spec",
        "useInlineDiffs": false,
        "code": true
      },
      "version": "7.1.3"
    },
    "marge": {
      "options": {
        "reportDir": "cypress\\report\\.jsons",
        "charts": true,
        "reportPageTitle": "Joan Media Demo Report",
        "embeddedScreenshots": true,
        "overwrite": false,
        "html": false,
        "json": true
      },
      "version": "6.2.0"
    }
  }
}