{
  "stats": {
    "suites": 1,
    "tests": 4,
    "passes": 3,
    "pending": 0,
    "failures": 1,
    "start": "2022-10-30T18:38:53.210Z",
    "end": "2022-10-30T18:39:03.484Z",
    "duration": 10274,
    "testsRegistered": 4,
    "passPercent": 75,
    "pendingPercent": 0,
    "other": 0,
    "hasOther": false,
    "skipped": 0,
    "hasSkipped": false
  },
  "results": [
    {
      "uuid": "15947c46-9679-4e22-b95a-4700e849bce2",
      "title": "",
      "fullFile": "cypress/integration/pom/homeSauce.spec.js",
      "file": "cypress/integration/pom/homeSauce.spec.js",
      "beforeHooks": [],
      "afterHooks": [],
      "tests": [],
      "suites": [
        {
          "uuid": "7c00782a-b688-4d3f-9071-f6fbdf6584ee",
          "title": "POM Implementation",
          "fullFile": "",
          "file": "",
          "beforeHooks": [],
          "afterHooks": [],
          "tests": [
            {
              "title": "should login to inventory page",
              "fullTitle": "POM Implementation should login to inventory page",
              "timedOut": null,
              "duration": 5459,
              "state": "failed",
              "speed": null,
              "pass": false,
              "fail": true,
              "pending": false,
              "context": "{\n  \"title\": \"cypress-mochawesome-reporter-screenshots\",\n  \"value\": [\n    [\n      {\n        \"title\": \"Failed screenshot\",\n        \"value\": \"\\\\pom\\\\homeSauce.spec.js\\\\POM Implementation -- should login to inventory page (failed).png\"\n      }\n    ]\n  ]\n}",
              "code": "_homeSaucePage.default.typeUsername('standard_user');\n_homeSaucePage.default.typePassword('secret_sauce');\n_homeSaucePage.default.clickLogin();\n_inventoryPage.default.elements.titleSpan().should('have.text', 'Productss');",
              "err": {
                "message": "AssertionError: Timed out retrying after 4000ms: expected '<span.title>' to have text 'Productss', but the text was 'Products'",
                "estack": "AssertionError: Timed out retrying after 4000ms: expected '<span.title>' to have text 'Productss', but the text was 'Products'\n    at Context.eval (https://www.saucedemo.com/__cypress/tests?p=cypress\\integration\\pom\\homeSauce.spec.js:161:49)",
                "diff": "- 'Products'\n+ 'Productss'\n"
              },
              "uuid": "8935ae6b-921a-4d0f-9111-f727a67cb694",
              "parentUUID": "7c00782a-b688-4d3f-9071-f6fbdf6584ee",
              "isHook": false,
              "skipped": false
            },
            {
              "title": "should display locked out message",
              "fullTitle": "POM Implementation should display locked out message",
              "timedOut": null,
              "duration": 810,
              "state": "passed",
              "speed": "fast",
              "pass": true,
              "fail": false,
              "pending": false,
              "context": null,
              "code": "_homeSaucePage.default.typeUsername('locked_out_user');\n_homeSaucePage.default.typePassword('secret_sauce');\n_homeSaucePage.default.clickLogin();\n_homeSaucePage.default.elements.errorMessage().should('have.text', 'Epic sadface: Sorry, this user has been locked out.');",
              "err": {},
              "uuid": "d0782c57-a0ae-490b-81a6-206305bb858a",
              "parentUUID": "7c00782a-b688-4d3f-9071-f6fbdf6584ee",
              "isHook": false,
              "skipped": false
            },
            {
              "title": "should display incorrect username message",
              "fullTitle": "POM Implementation should display incorrect username message",
              "timedOut": null,
              "duration": 757,
              "state": "passed",
              "speed": "fast",
              "pass": true,
              "fail": false,
              "pending": false,
              "context": null,
              "code": "_homeSaucePage.default.typeUsername('dummyUsername');\n_homeSaucePage.default.typePassword('secret_sauce');\n_homeSaucePage.default.clickLogin();\n_homeSaucePage.default.elements.errorMessage().should('have.text', 'Epic sadface: Username and password do not match any user in this service');",
              "err": {},
              "uuid": "c9354718-1fad-4740-ad0c-432e30c1f620",
              "parentUUID": "7c00782a-b688-4d3f-9071-f6fbdf6584ee",
              "isHook": false,
              "skipped": false
            },
            {
              "title": "should display incorrect password message",
              "fullTitle": "POM Implementation should display incorrect password message",
              "timedOut": null,
              "duration": 796,
              "state": "passed",
              "speed": "fast",
              "pass": true,
              "fail": false,
              "pending": false,
              "context": null,
              "code": "_homeSaucePage.default.typeUsername('locked_out_user');\n_homeSaucePage.default.typePassword('dummyPassword');\n_homeSaucePage.default.clickLogin();\n_homeSaucePage.default.elements.errorMessage().should('have.text', 'Epic sadface: Username and password do not match any user in this service');",
              "err": {},
              "uuid": "fd3a82c3-ca4e-4abe-aab7-a7930a1a960e",
              "parentUUID": "7c00782a-b688-4d3f-9071-f6fbdf6584ee",
              "isHook": false,
              "skipped": false
            }
          ],
          "suites": [],
          "passes": [
            "d0782c57-a0ae-490b-81a6-206305bb858a",
            "c9354718-1fad-4740-ad0c-432e30c1f620",
            "fd3a82c3-ca4e-4abe-aab7-a7930a1a960e"
          ],
          "failures": [
            "8935ae6b-921a-4d0f-9111-f727a67cb694"
          ],
          "pending": [],
          "skipped": [],
          "duration": 7822,
          "root": false,
          "rootEmpty": false,
          "_timeout": 2000
        }
      ],
      "passes": [],
      "failures": [],
      "pending": [],
      "skipped": [],
      "duration": 0,
      "root": true,
      "rootEmpty": true,
      "_timeout": 2000
    }
  ],
  "meta": {
    "mocha": {
      "version": "7.0.1"
    },
    "mochawesome": {
      "options": {
        "quiet": false,
        "reportFilename": "mochawesome",
        "saveHtml": false,
        "saveJson": true,
        "consoleReporter": "spec",
        "useInlineDiffs": false,
        "code": true
      },
      "version": "7.1.3"
    },
    "marge": {
      "options": {
        "reportDir": "cypress\\report\\.jsons",
        "charts": true,
        "reportPageTitle": "Joan Media Demo Report",
        "embeddedScreenshots": true,
        "overwrite": false,
        "html": false,
        "json": true
      },
      "version": "6.2.0"
    }
  }
}