{
  "stats": {
    "suites": 1,
    "tests": 4,
    "passes": 4,
    "pending": 0,
    "failures": 0,
    "start": "2022-10-30T18:43:05.009Z",
    "end": "2022-10-30T18:43:09.858Z",
    "duration": 4849,
    "testsRegistered": 4,
    "passPercent": 100,
    "pendingPercent": 0,
    "other": 0,
    "hasOther": false,
    "skipped": 0,
    "hasSkipped": false
  },
  "results": [
    {
      "uuid": "d1950f31-f244-4ef1-b2f0-c682b709e4cf",
      "title": "",
      "fullFile": "cypress/integration/pom/homeSauceFixture.spec.js",
      "file": "cypress/integration/pom/homeSauceFixture.spec.js",
      "beforeHooks": [],
      "afterHooks": [],
      "tests": [],
      "suites": [
        {
          "uuid": "052fd506-7222-4004-98cd-33cf635b035f",
          "title": "Home Sauce Demo",
          "fullFile": "",
          "file": "",
          "beforeHooks": [],
          "afterHooks": [],
          "tests": [
            {
              "title": "should login to inventory page",
              "fullTitle": "Home Sauce Demo should login to inventory page",
              "timedOut": null,
              "duration": 856,
              "state": "passed",
              "speed": "fast",
              "pass": true,
              "fail": false,
              "pending": false,
              "context": null,
              "code": "_homeSaucePage.default.typeUsername(test.username);\n_homeSaucePage.default.typePassword(test.password);\n_homeSaucePage.default.clickLogin();\nif (test.name === 'should login to inventory page') {\n  _inventoryPage.default.elements.titleSpan().should('have.text', test.expected);\n} else {\n  _homeSaucePage.default.elements.errorMessage().should('have.text', test.expected);\n}",
              "err": {},
              "uuid": "600f10dc-013e-47ca-8b17-3edb72bd70c7",
              "parentUUID": "052fd506-7222-4004-98cd-33cf635b035f",
              "isHook": false,
              "skipped": false
            },
            {
              "title": "should display incorrect username message",
              "fullTitle": "Home Sauce Demo should display incorrect username message",
              "timedOut": null,
              "duration": 760,
              "state": "passed",
              "speed": "fast",
              "pass": true,
              "fail": false,
              "pending": false,
              "context": null,
              "code": "_homeSaucePage.default.typeUsername(test.username);\n_homeSaucePage.default.typePassword(test.password);\n_homeSaucePage.default.clickLogin();\nif (test.name === 'should login to inventory page') {\n  _inventoryPage.default.elements.titleSpan().should('have.text', test.expected);\n} else {\n  _homeSaucePage.default.elements.errorMessage().should('have.text', test.expected);\n}",
              "err": {},
              "uuid": "416ab9da-51fb-44c5-8f66-73b720dfaf54",
              "parentUUID": "052fd506-7222-4004-98cd-33cf635b035f",
              "isHook": false,
              "skipped": false
            },
            {
              "title": "should display incorrect password message",
              "fullTitle": "Home Sauce Demo should display incorrect password message",
              "timedOut": null,
              "duration": 824,
              "state": "passed",
              "speed": "fast",
              "pass": true,
              "fail": false,
              "pending": false,
              "context": null,
              "code": "_homeSaucePage.default.typeUsername(test.username);\n_homeSaucePage.default.typePassword(test.password);\n_homeSaucePage.default.clickLogin();\nif (test.name === 'should login to inventory page') {\n  _inventoryPage.default.elements.titleSpan().should('have.text', test.expected);\n} else {\n  _homeSaucePage.default.elements.errorMessage().should('have.text', test.expected);\n}",
              "err": {},
              "uuid": "1537acbc-d957-498e-8294-563c0c7b3c25",
              "parentUUID": "052fd506-7222-4004-98cd-33cf635b035f",
              "isHook": false,
              "skipped": false
            },
            {
              "title": "should display locked out message",
              "fullTitle": "Home Sauce Demo should display locked out message",
              "timedOut": null,
              "duration": 780,
              "state": "passed",
              "speed": "fast",
              "pass": true,
              "fail": false,
              "pending": false,
              "context": null,
              "code": "_homeSaucePage.default.typeUsername(test.username);\n_homeSaucePage.default.typePassword(test.password);\n_homeSaucePage.default.clickLogin();\nif (test.name === 'should login to inventory page') {\n  _inventoryPage.default.elements.titleSpan().should('have.text', test.expected);\n} else {\n  _homeSaucePage.default.elements.errorMessage().should('have.text', test.expected);\n}",
              "err": {},
              "uuid": "69a3494c-5295-4a9e-b9df-0dd9f6a0c00b",
              "parentUUID": "052fd506-7222-4004-98cd-33cf635b035f",
              "isHook": false,
              "skipped": false
            }
          ],
          "suites": [],
          "passes": [
            "600f10dc-013e-47ca-8b17-3edb72bd70c7",
            "416ab9da-51fb-44c5-8f66-73b720dfaf54",
            "1537acbc-d957-498e-8294-563c0c7b3c25",
            "69a3494c-5295-4a9e-b9df-0dd9f6a0c00b"
          ],
          "failures": [],
          "pending": [],
          "skipped": [],
          "duration": 3220,
          "root": false,
          "rootEmpty": false,
          "_timeout": 2000
        }
      ],
      "passes": [],
      "failures": [],
      "pending": [],
      "skipped": [],
      "duration": 0,
      "root": true,
      "rootEmpty": true,
      "_timeout": 2000
    }
  ],
  "meta": {
    "mocha": {
      "version": "7.0.1"
    },
    "mochawesome": {
      "options": {
        "quiet": false,
        "reportFilename": "mochawesome",
        "saveHtml": false,
        "saveJson": true,
        "consoleReporter": "spec",
        "useInlineDiffs": false,
        "code": true
      },
      "version": "7.1.3"
    },
    "marge": {
      "options": {
        "reportDir": "cypress\\report\\.jsons",
        "charts": true,
        "reportPageTitle": "Joan Media Demo Report",
        "embeddedScreenshots": true,
        "overwrite": false,
        "html": false,
        "json": true
      },
      "version": "6.2.0"
    }
  }
}