{
  "stats": {
    "suites": 1,
    "tests": 1,
    "passes": 0,
    "pending": 0,
    "failures": 1,
    "start": "2022-11-03T15:08:37.545Z",
    "end": "2022-11-03T15:08:39.811Z",
    "duration": 2266,
    "testsRegistered": 1,
    "passPercent": 0,
    "pendingPercent": 0,
    "other": 0,
    "hasOther": false,
    "skipped": 0,
    "hasSkipped": false
  },
  "results": [
    {
      "uuid": "39e7ef61-28ee-46d1-b6fe-c0ddfeb6bae5",
      "title": "",
      "fullFile": "cypress/integration/api/pruebaapi.spec.js",
      "file": "cypress/integration/api/pruebaapi.spec.js",
      "beforeHooks": [],
      "afterHooks": [],
      "tests": [],
      "suites": [
        {
          "uuid": "6487186f-426a-4ec1-b645-de1ddf0f093f",
          "title": "PokeApi test",
          "fullFile": "",
          "file": "",
          "beforeHooks": [],
          "afterHooks": [],
          "tests": [
            {
              "title": "Escribir en JSON",
              "fullTitle": "PokeApi test Escribir en JSON",
              "timedOut": null,
              "duration": 2172,
              "state": "failed",
              "speed": null,
              "pass": false,
              "fail": true,
              "pending": false,
              "context": "{\n  \"title\": \"cypress-mochawesome-reporter-screenshots\",\n  \"value\": [\n    [\n      {\n        \"title\": \"Failed screenshot\",\n        \"value\": \"\\\\api\\\\pruebaapi.spec.js\\\\PokeApi test -- Escribir en JSON -- before each hook (failed).png\"\n      }\n    ]\n  ]\n}",
              "code": "cy.get('@charizard').then(res => {\n  let arr = new Array();\n  arr = res;\n  cy.writeFile('cypress/pruebaApi/testdata.txt', arr);\n});",
              "err": {
                "message": "CypressError: `cy.request()` failed on:\n\nhttps://pokeapi.co/api/v2/pokemon6\n\nThe response we received from your web server was:\n\n  > 404: Not Found\n\nThis was considered a failure because the status code was not `2xx` or `3xx`.\n\nIf you do not want status codes to cause failures pass the option: `failOnStatusCode: false`\n\n-----------------------------------------------------------\n\nThe request we sent was:\n\nMethod: GET\nURL: https://pokeapi.co/api/v2/pokemon6\nHeaders: {\n  \"Connection\": \"keep-alive\",\n  \"user-agent\": \"Mozilla/5.0 (Windows NT 10.0; Win64; x64) AppleWebKit/537.36 (KHTML, like Gecko) Cypress/9.6.1 Chrome/94.0.4606.81 Electron/15.5.1 Safari/537.36\",\n  \"accept\": \"*/*\",\n  \"accept-encoding\": \"gzip, deflate\"\n}\n\n-----------------------------------------------------------\n\nThe response we got was:\n\nStatus: 404 - Not Found\nHeaders: {\n  \"date\": \"Thu, 03 Nov 2022 15:12:23 GMT\",\n  \"content-type\": \"text/plain; charset=utf-8\",\n  \"content-length\": \"29\",\n  \"connection\": \"keep-alive\",\n  \"access-control-allow-origin\": \"*\",\n  \"cache-control\": \"public, max-age=3600, s-maxage=3600\",\n  \"content-encoding\": \"gzip\",\n  \"etag\": \"W/\\\"9-0gXL1ngzMqISxa6S1zx3F4wtLyg\\\"\",\n  \"function-execution-id\": \"8fori3mi94o7\",\n  \"x-cloud-trace-context\": \"2b25d167e0193609a6745b5aff851ca0\",\n  \"x-powered-by\": \"Express\",\n  \"x-served-by\": \"cache-lim12123-LIM\",\n  \"x-cache\": \"MISS\",\n  \"x-cache-hits\": \"0\",\n  \"x-timer\": \"S1667488342.793949,VS0,VE1549\",\n  \"vary\": \"Accept-Encoding, x-fh-requested-host, accept-encoding\",\n  \"alt-svc\": \"h3=\\\":443\\\"; ma=86400, h3-29=\\\":443\\\"; ma=86400\",\n  \"cf-cache-status\": \"MISS\",\n  \"server-timing\": \"cf-q-config;dur=5.9999983932357e-06\",\n  \"report-to\": \"{\\\"endpoints\\\":[{\\\"url\\\":\\\"https:\\\\/\\\\/a.nel.cloudflare.com\\\\/report\\\\/v3?s=w9oQcXZUmYtOzTtry0lkIjoRoG099tlg9PUICi9N8TNbs1CGHrnyEtB4I4U%2FeA2e30uzpSgVerwgim8SrncUG%2Fd%2B6XGUGuXjkU0IwvkXqgAJPBWAKBPW7dAw8o3G\\\"}],\\\"group\\\":\\\"cf-nel\\\",\\\"max_age\\\":604800}\",\n  \"nel\": \"{\\\"success_fraction\\\":0,\\\"report_to\\\":\\\"cf-nel\\\",\\\"max_age\\\":604800}\",\n  \"server\": \"cloudflare\",\n  \"cf-ray\": \"76460c380b049534-LIM\"\n}\nBody: Not Found\n\n\nhttps://on.cypress.io/request\n\nBecause this error occurred during a `before each` hook we are skipping the remaining tests in the current suite: `PokeApi test`",
                "estack": "CypressError: `cy.request()` failed on:\n\nhttps://pokeapi.co/api/v2/pokemon6\n\nThe response we received from your web server was:\n\n  > 404: Not Found\n\nThis was considered a failure because the status code was not `2xx` or `3xx`.\n\nIf you do not want status codes to cause failures pass the option: `failOnStatusCode: false`\n\n-----------------------------------------------------------\n\nThe request we sent was:\n\nMethod: GET\nURL: https://pokeapi.co/api/v2/pokemon6\nHeaders: {\n  \"Connection\": \"keep-alive\",\n  \"user-agent\": \"Mozilla/5.0 (Windows NT 10.0; Win64; x64) AppleWebKit/537.36 (KHTML, like Gecko) Cypress/9.6.1 Chrome/94.0.4606.81 Electron/15.5.1 Safari/537.36\",\n  \"accept\": \"*/*\",\n  \"accept-encoding\": \"gzip, deflate\"\n}\n\n-----------------------------------------------------------\n\nThe response we got was:\n\nStatus: 404 - Not Found\nHeaders: {\n  \"date\": \"Thu, 03 Nov 2022 15:12:23 GMT\",\n  \"content-type\": \"text/plain; charset=utf-8\",\n  \"content-length\": \"29\",\n  \"connection\": \"keep-alive\",\n  \"access-control-allow-origin\": \"*\",\n  \"cache-control\": \"public, max-age=3600, s-maxage=3600\",\n  \"content-encoding\": \"gzip\",\n  \"etag\": \"W/\\\"9-0gXL1ngzMqISxa6S1zx3F4wtLyg\\\"\",\n  \"function-execution-id\": \"8fori3mi94o7\",\n  \"x-cloud-trace-context\": \"2b25d167e0193609a6745b5aff851ca0\",\n  \"x-powered-by\": \"Express\",\n  \"x-served-by\": \"cache-lim12123-LIM\",\n  \"x-cache\": \"MISS\",\n  \"x-cache-hits\": \"0\",\n  \"x-timer\": \"S1667488342.793949,VS0,VE1549\",\n  \"vary\": \"Accept-Encoding, x-fh-requested-host, accept-encoding\",\n  \"alt-svc\": \"h3=\\\":443\\\"; ma=86400, h3-29=\\\":443\\\"; ma=86400\",\n  \"cf-cache-status\": \"MISS\",\n  \"server-timing\": \"cf-q-config;dur=5.9999983932357e-06\",\n  \"report-to\": \"{\\\"endpoints\\\":[{\\\"url\\\":\\\"https:\\\\/\\\\/a.nel.cloudflare.com\\\\/report\\\\/v3?s=w9oQcXZUmYtOzTtry0lkIjoRoG099tlg9PUICi9N8TNbs1CGHrnyEtB4I4U%2FeA2e30uzpSgVerwgim8SrncUG%2Fd%2B6XGUGuXjkU0IwvkXqgAJPBWAKBPW7dAw8o3G\\\"}],\\\"group\\\":\\\"cf-nel\\\",\\\"max_age\\\":604800}\",\n  \"nel\": \"{\\\"success_fraction\\\":0,\\\"report_to\\\":\\\"cf-nel\\\",\\\"max_age\\\":604800}\",\n  \"server\": \"cloudflare\",\n  \"cf-ray\": \"76460c380b049534-LIM\"\n}\nBody: Not Found\n\n\nhttps://on.cypress.io/request\n\nBecause this error occurred during a `before each` hook we are skipping the remaining tests in the current suite: `PokeApi test`\n    at http://localhost:1025/__cypress/runner/cypress_runner.js:165424:80\n    at tryCatcher (http://localhost:1025/__cypress/runner/cypress_runner.js:13022:23)\n    at Promise._settlePromiseFromHandler (http://localhost:1025/__cypress/runner/cypress_runner.js:10957:31)\n    at Promise._settlePromise (http://localhost:1025/__cypress/runner/cypress_runner.js:11014:18)\n    at Promise._settlePromise0 (http://localhost:1025/__cypress/runner/cypress_runner.js:11059:10)\n    at Promise._settlePromises (http://localhost:1025/__cypress/runner/cypress_runner.js:11139:18)\n    at _drainQueueStep (http://localhost:1025/__cypress/runner/cypress_runner.js:7729:12)\n    at _drainQueue (http://localhost:1025/__cypress/runner/cypress_runner.js:7722:9)\n    at Async.../../node_modules/bluebird/js/release/async.js.Async._drainQueues (http://localhost:1025/__cypress/runner/cypress_runner.js:7738:5)\n    at Async.drainQueues (http://localhost:1025/__cypress/runner/cypress_runner.js:7608:14)\nFrom Your Spec Code:\n    at Context.eval (http://localhost:1025/__cypress/tests?p=cypress\\integration\\api\\pruebaapi.spec.js:103:8)",
                "diff": null
              },
              "uuid": "1abc25d4-cc23-4a23-8ae5-cf5b866ed423",
              "parentUUID": "6487186f-426a-4ec1-b645-de1ddf0f093f",
              "isHook": false,
              "skipped": false
            }
          ],
          "suites": [],
          "passes": [],
          "failures": [
            "1abc25d4-cc23-4a23-8ae5-cf5b866ed423"
          ],
          "pending": [],
          "skipped": [],
          "duration": 2172,
          "root": false,
          "rootEmpty": false,
          "_timeout": 2000
        }
      ],
      "passes": [],
      "failures": [],
      "pending": [],
      "skipped": [],
      "duration": 0,
      "root": true,
      "rootEmpty": true,
      "_timeout": 2000
    }
  ],
  "meta": {
    "mocha": {
      "version": "7.0.1"
    },
    "mochawesome": {
      "options": {
        "quiet": false,
        "reportFilename": "mochawesome",
        "saveHtml": false,
        "saveJson": true,
        "consoleReporter": "spec",
        "useInlineDiffs": false,
        "code": true
      },
      "version": "7.1.3"
    },
    "marge": {
      "options": {
        "reportDir": "cypress\\report\\.jsons",
        "charts": true,
        "reportPageTitle": "Joan Media Demo Report",
        "embeddedScreenshots": true,
        "overwrite": false,
        "html": false,
        "json": true
      },
      "version": "6.2.0"
    }
  }
}