{
  "stats": {
    "suites": 1,
    "tests": 4,
    "passes": 4,
    "pending": 0,
    "failures": 0,
    "start": "2022-10-30T18:43:13.940Z",
    "end": "2022-10-30T18:43:18.857Z",
    "duration": 4917,
    "testsRegistered": 4,
    "passPercent": 100,
    "pendingPercent": 0,
    "other": 0,
    "hasOther": false,
    "skipped": 0,
    "hasSkipped": false
  },
  "results": [
    {
      "uuid": "ae12bbdb-d234-48c9-b737-a5ba91ae0606",
      "title": "",
      "fullFile": "cypress/integration/pom/homeSauceFixtureXpath.spec.js",
      "file": "cypress/integration/pom/homeSauceFixtureXpath.spec.js",
      "beforeHooks": [],
      "afterHooks": [],
      "tests": [],
      "suites": [
        {
          "uuid": "4339bfb8-64e5-4071-a101-2e84a43b333d",
          "title": "Home Sauce Demo",
          "fullFile": "",
          "file": "",
          "beforeHooks": [],
          "afterHooks": [],
          "tests": [
            {
              "title": "should login to inventory page",
              "fullTitle": "Home Sauce Demo should login to inventory page",
              "timedOut": null,
              "duration": 861,
              "state": "passed",
              "speed": "fast",
              "pass": true,
              "fail": false,
              "pending": false,
              "context": null,
              "code": "homeSaucePage.typeUsername(test.username);\nhomeSaucePage.typePassword(test.password);\nhomeSaucePage.clickLogin();\nif (test.name === 'should login to inventory page') {\n  _inventoryPage.default.elements.titleSpan().should('have.text', test.expected);\n} else {\n  homeSaucePage.elements.errorMessage().should('have.text', test.expected);\n}",
              "err": {},
              "uuid": "afc56ba1-0d1f-4ebc-bd70-399c557ee497",
              "parentUUID": "4339bfb8-64e5-4071-a101-2e84a43b333d",
              "isHook": false,
              "skipped": false
            },
            {
              "title": "should display incorrect username message",
              "fullTitle": "Home Sauce Demo should display incorrect username message",
              "timedOut": null,
              "duration": 774,
              "state": "passed",
              "speed": "fast",
              "pass": true,
              "fail": false,
              "pending": false,
              "context": null,
              "code": "homeSaucePage.typeUsername(test.username);\nhomeSaucePage.typePassword(test.password);\nhomeSaucePage.clickLogin();\nif (test.name === 'should login to inventory page') {\n  _inventoryPage.default.elements.titleSpan().should('have.text', test.expected);\n} else {\n  homeSaucePage.elements.errorMessage().should('have.text', test.expected);\n}",
              "err": {},
              "uuid": "a03d6df4-832f-4a55-8cdd-9d3797b27db9",
              "parentUUID": "4339bfb8-64e5-4071-a101-2e84a43b333d",
              "isHook": false,
              "skipped": false
            },
            {
              "title": "should display incorrect password message",
              "fullTitle": "Home Sauce Demo should display incorrect password message",
              "timedOut": null,
              "duration": 848,
              "state": "passed",
              "speed": "fast",
              "pass": true,
              "fail": false,
              "pending": false,
              "context": null,
              "code": "homeSaucePage.typeUsername(test.username);\nhomeSaucePage.typePassword(test.password);\nhomeSaucePage.clickLogin();\nif (test.name === 'should login to inventory page') {\n  _inventoryPage.default.elements.titleSpan().should('have.text', test.expected);\n} else {\n  homeSaucePage.elements.errorMessage().should('have.text', test.expected);\n}",
              "err": {},
              "uuid": "d0decbe9-aed4-4475-9f4a-71cc6c4d706f",
              "parentUUID": "4339bfb8-64e5-4071-a101-2e84a43b333d",
              "isHook": false,
              "skipped": false
            },
            {
              "title": "should display locked out message",
              "fullTitle": "Home Sauce Demo should display locked out message",
              "timedOut": null,
              "duration": 783,
              "state": "passed",
              "speed": "fast",
              "pass": true,
              "fail": false,
              "pending": false,
              "context": null,
              "code": "homeSaucePage.typeUsername(test.username);\nhomeSaucePage.typePassword(test.password);\nhomeSaucePage.clickLogin();\nif (test.name === 'should login to inventory page') {\n  _inventoryPage.default.elements.titleSpan().should('have.text', test.expected);\n} else {\n  homeSaucePage.elements.errorMessage().should('have.text', test.expected);\n}",
              "err": {},
              "uuid": "dcf8fdd2-0ed0-4f96-ade2-485838ab3777",
              "parentUUID": "4339bfb8-64e5-4071-a101-2e84a43b333d",
              "isHook": false,
              "skipped": false
            }
          ],
          "suites": [],
          "passes": [
            "afc56ba1-0d1f-4ebc-bd70-399c557ee497",
            "a03d6df4-832f-4a55-8cdd-9d3797b27db9",
            "d0decbe9-aed4-4475-9f4a-71cc6c4d706f",
            "dcf8fdd2-0ed0-4f96-ade2-485838ab3777"
          ],
          "failures": [],
          "pending": [],
          "skipped": [],
          "duration": 3266,
          "root": false,
          "rootEmpty": false,
          "_timeout": 2000
        }
      ],
      "passes": [],
      "failures": [],
      "pending": [],
      "skipped": [],
      "duration": 0,
      "root": true,
      "rootEmpty": true,
      "_timeout": 2000
    }
  ],
  "meta": {
    "mocha": {
      "version": "7.0.1"
    },
    "mochawesome": {
      "options": {
        "quiet": false,
        "reportFilename": "mochawesome",
        "saveHtml": false,
        "saveJson": true,
        "consoleReporter": "spec",
        "useInlineDiffs": false,
        "code": true
      },
      "version": "7.1.3"
    },
    "marge": {
      "options": {
        "reportDir": "cypress\\report\\.jsons",
        "charts": true,
        "reportPageTitle": "Joan Media Demo Report",
        "embeddedScreenshots": true,
        "overwrite": false,
        "html": false,
        "json": true
      },
      "version": "6.2.0"
    }
  }
}