{
  "stats": {
    "suites": 1,
    "tests": 1,
    "passes": 1,
    "pending": 0,
    "failures": 0,
    "start": "2022-11-09T04:22:24.297Z",
    "end": "2022-11-09T04:22:25.705Z",
    "duration": 1408,
    "testsRegistered": 1,
    "passPercent": 100,
    "pendingPercent": 0,
    "other": 0,
    "hasOther": false,
    "skipped": 0,
    "hasSkipped": false
  },
  "results": [
    {
      "uuid": "67ac576b-18c4-4e5c-9d9a-65d188ec14a1",
      "title": "",
      "fullFile": "cypress/integration/api/pruebaapi.spec.js",
      "file": "cypress/integration/api/pruebaapi.spec.js",
      "beforeHooks": [],
      "afterHooks": [],
      "tests": [],
      "suites": [
        {
          "uuid": "83eab8c3-8c82-4dbf-9436-36be416e7b2c",
          "title": "PokeApi test",
          "fullFile": "",
          "file": "",
          "beforeHooks": [],
          "afterHooks": [],
          "tests": [
            {
              "title": "Escribir en JSON",
              "fullTitle": "PokeApi test Escribir en JSON",
              "timedOut": null,
              "duration": 1369,
              "state": "passed",
              "speed": "fast",
              "pass": true,
              "fail": false,
              "pending": false,
              "context": null,
              "code": "cy.get('@charizard').then(res => {\n  let arr = new Array();\n  arr = res;\n  cy.writeFile('cypress/pruebaApi/testdata.txt', arr);\n});",
              "err": {},
              "uuid": "a0294da6-5ae3-474e-afef-b99452bb4e6f",
              "parentUUID": "83eab8c3-8c82-4dbf-9436-36be416e7b2c",
              "isHook": false,
              "skipped": false
            }
          ],
          "suites": [],
          "passes": [
            "a0294da6-5ae3-474e-afef-b99452bb4e6f"
          ],
          "failures": [],
          "pending": [],
          "skipped": [],
          "duration": 1369,
          "root": false,
          "rootEmpty": false,
          "_timeout": 2000
        }
      ],
      "passes": [],
      "failures": [],
      "pending": [],
      "skipped": [],
      "duration": 0,
      "root": true,
      "rootEmpty": true,
      "_timeout": 2000
    }
  ],
  "meta": {
    "mocha": {
      "version": "7.0.1"
    },
    "mochawesome": {
      "options": {
        "quiet": false,
        "reportFilename": "mochawesome",
        "saveHtml": false,
        "saveJson": true,
        "consoleReporter": "spec",
        "useInlineDiffs": false,
        "code": true
      },
      "version": "7.1.3"
    },
    "marge": {
      "options": {
        "reportDir": "cypress\\report\\.jsons",
        "charts": true,
        "reportPageTitle": "Joan Media Demo Report",
        "embeddedScreenshots": true,
        "overwrite": false,
        "html": false,
        "json": true
      },
      "version": "6.2.0"
    }
  }
}